DEPRECATION WARNING: Leaving `ActiveRecord::ConnectionAdapters::SQLite3Adapter.represent_boolean_as_integer`
set to false is deprecated. SQLite databases have used 't' and 'f' to serialize
boolean values and must have old data converted to 1 and 0 (its native boolean
serialization) before setting this flag to true. Conversion can be accomplished
by setting up a rake task which runs

  ExampleModel.where("boolean_column = 't'").update_all(boolean_column: 1)
  ExampleModel.where("boolean_column = 'f'").update_all(boolean_column: 0)

for all models and all boolean columns, after which the flag must be set to
true by adding the following to your application.rb file:

  Rails.application.config.active_record.sqlite3.represent_boolean_as_integer = true
 (called from <top (required)> at /Users/harmanjolly/Desktop/practice/Checklist/app/models/user.rb:1)
  [1m[35m (0.3ms)[0m  [1m[34mSELECT sqlite_version(*)[0m
  [1m[35m (1.4ms)[0m  [1m[35mCREATE TABLE "schema_migrations" ("version" varchar NOT NULL PRIMARY KEY)[0m
  [1m[35m (1.1ms)[0m  [1m[35mCREATE TABLE "ar_internal_metadata" ("key" varchar NOT NULL PRIMARY KEY, "value" varchar, "created_at" datetime NOT NULL, "updated_at" datetime NOT NULL)[0m
  [1m[35m (0.1ms)[0m  [1m[34mSELECT "schema_migrations"."version" FROM "schema_migrations" ORDER BY "schema_migrations"."version" ASC[0m
Migrating to CreateItems (20150512212245)
  [1m[35m (0.5ms)[0m  [1m[34mSELECT "schema_migrations"."version" FROM "schema_migrations" ORDER BY "schema_migrations"."version" ASC[0m
Migrating to CreateItems (20150512212245)
  [1m[35m (0.1ms)[0m  [1m[34mSELECT "schema_migrations"."version" FROM "schema_migrations" ORDER BY "schema_migrations"."version" ASC[0m
Migrating to CreateItems (20150512212245)
  [1m[35m (0.3ms)[0m  [1m[34mSELECT "schema_migrations"."version" FROM "schema_migrations" ORDER BY "schema_migrations"."version" ASC[0m
Migrating to CreateItems (20150512212245)
  [1m[35m (0.1ms)[0m  [1m[36mbegin transaction[0m
  [1m[35m (0.4ms)[0m  [1m[34mSELECT sqlite_version(*)[0m
  [1m[35m (0.7ms)[0m  [1m[35mCREATE TABLE "items" ("id" integer PRIMARY KEY AUTOINCREMENT NOT NULL, "title" varchar, "created_at" datetime NOT NULL, "updated_at" datetime NOT NULL)[0m
  [1m[36mActiveRecord::SchemaMigration Create (0.5ms)[0m  [1m[32mINSERT INTO "schema_migrations" ("version") VALUES (?)[0m  [["version", "20150512212245"]]
  [1m[35m (1.1ms)[0m  [1m[36mcommit transaction[0m
Migrating to AddDescriptionToItems (20150512215015)
  [1m[35m (0.5ms)[0m  [1m[34mSELECT "schema_migrations"."version" FROM "schema_migrations" ORDER BY "schema_migrations"."version" ASC[0m
Migrating to AddDescriptionToItems (20150512215015)
  [1m[35m (0.1ms)[0m  [1m[36mbegin transaction[0m
  [1m[35m (0.9ms)[0m  [1m[35mALTER TABLE "items" ADD "description" text[0m
  [1m[36mActiveRecord::SchemaMigration Create (1.5ms)[0m  [1m[32mINSERT INTO "schema_migrations" ("version") VALUES (?)[0m  [["version", "20150512215015"]]
  [1m[35m (0.7ms)[0m  [1m[36mcommit transaction[0m
Migrating to DeviseCreateUsers (20150512221436)
  [1m[35m (0.1ms)[0m  [1m[36mbegin transaction[0m
  [1m[35m (0.1ms)[0m  [1m[34mSELECT sqlite_version(*)[0m
  [1m[35m (0.5ms)[0m  [1m[35mCREATE TABLE "users" ("id" integer PRIMARY KEY AUTOINCREMENT NOT NULL, "email" varchar DEFAULT '' NOT NULL, "encrypted_password" varchar DEFAULT '' NOT NULL, "reset_password_token" varchar, "reset_password_sent_at" datetime, "remember_created_at" datetime, "sign_in_count" integer DEFAULT 0 NOT NULL, "current_sign_in_at" datetime, "last_sign_in_at" datetime, "current_sign_in_ip" varchar, "last_sign_in_ip" varchar, "created_at" datetime NOT NULL, "updated_at" datetime NOT NULL)[0m
  [1m[35m (0.1ms)[0m  [1m[35mCREATE UNIQUE INDEX "index_users_on_email" ON "users" ("email")[0m
  [1m[35m (0.1ms)[0m  [1m[35mCREATE UNIQUE INDEX "index_users_on_reset_password_token" ON "users" ("reset_password_token")[0m
  [1m[36mActiveRecord::SchemaMigration Create (0.1ms)[0m  [1m[32mINSERT INTO "schema_migrations" ("version") VALUES (?)[0m  [["version", "20150512221436"]]
  [1m[35m (1.1ms)[0m  [1m[36mcommit transaction[0m
Migrating to AddUserIdToItems (20150512222555)
  [1m[35m (0.1ms)[0m  [1m[36mbegin transaction[0m
  [1m[35m (0.5ms)[0m  [1m[35mALTER TABLE "items" ADD "user_id" integer[0m
  [1m[36mActiveRecord::SchemaMigration Create (0.2ms)[0m  [1m[32mINSERT INTO "schema_migrations" ("version") VALUES (?)[0m  [["version", "20150512222555"]]
  [1m[35m (0.8ms)[0m  [1m[36mcommit transaction[0m
Migrating to AddCompletedAtToItems (20150513114201)
  [1m[35m (0.1ms)[0m  [1m[36mbegin transaction[0m
  [1m[35m (0.5ms)[0m  [1m[35mALTER TABLE "items" ADD "completed_at" datetime[0m
  [1m[36mActiveRecord::SchemaMigration Create (0.4ms)[0m  [1m[32mINSERT INTO "schema_migrations" ("version") VALUES (?)[0m  [["version", "20150513114201"]]
  [1m[35m (1.7ms)[0m  [1m[36mcommit transaction[0m
  [1m[36mActiveRecord::InternalMetadata Load (1.3ms)[0m  [1m[34mSELECT  "ar_internal_metadata".* FROM "ar_internal_metadata" WHERE "ar_internal_metadata"."key" = ? LIMIT ?[0m  [["key", "environment"], ["LIMIT", 1]]
  [1m[35m (0.1ms)[0m  [1m[36mbegin transaction[0m
  [1m[36mActiveRecord::InternalMetadata Create (0.6ms)[0m  [1m[32mINSERT INTO "ar_internal_metadata" ("key", "value", "created_at", "updated_at") VALUES (?, ?, ?, ?)[0m  [["key", "environment"], ["value", "development"], ["created_at", "2019-01-09 21:56:31.356629"], ["updated_at", "2019-01-09 21:56:31.356629"]]
  [1m[35m (0.6ms)[0m  [1m[36mcommit transaction[0m
  [1m[35m (0.1ms)[0m  [1m[34mSELECT "schema_migrations"."version" FROM "schema_migrations" ORDER BY "schema_migrations"."version" ASC[0m
Started GET "/" for ::1 at 2019-01-10 03:26:40 +0530
  [1m[35m (0.2ms)[0m  [1m[34mSELECT "schema_migrations"."version" FROM "schema_migrations" ORDER BY "schema_migrations"."version" ASC[0m
Processing by ItemsController#index as HTML
  Rendering items/index.html.erb within layouts/application
  Rendered items/_static_landing_page.html.erb (1.0ms)
  Rendered items/index.html.erb within layouts/application (7.9ms)
Completed 200 OK in 5829ms (Views: 5807.4ms | ActiveRecord: 0.0ms)


Started GET "/assets/bootstrap/affix.self-5333fddfa90a7725cdc9fb8513c785f72d5a73587a787ef154c7d299b034b5f6.js?body=1" for ::1 at 2019-01-10 03:26:46 +0530
Started GET "/assets/items.self-e3b0c44298fc1c149afbf4c8996fb92427ae41e4649b934ca495991b7852b855.css?body=1" for ::1 at 2019-01-10 03:26:46 +0530
Started GET "/assets/jquery_ujs.self-784a997f6726036b1993eb2217c9cb558e1cbb801c6da88105588c56f13b466a.js?body=1" for ::1 at 2019-01-10 03:26:46 +0530
Started GET "/assets/application.self-24b989eef8bac1bcf4c43247ad1e6842e48d3660c4b79cb2e15752b59d7d57d4.css?body=1" for ::1 at 2019-01-10 03:26:46 +0530
Started GET "/assets/jquery.self-bd7ddd393353a8d2480a622e80342adf488fb6006d667e8b42e4c0073393abee.js?body=1" for ::1 at 2019-01-10 03:26:46 +0530
Started GET "/assets/bootstrap/alert.self-1988e4dd4c1a142d70141210a646431bf911756c6d8ef7b866c0608b9cb1d802.js?body=1" for ::1 at 2019-01-10 03:26:46 +0530
Started GET "/assets/bootstrap/button.self-4030b446249614a23334522fe973beecc3571f1ad2269b47cdd15dd5c3f95105.js?body=1" for ::1 at 2019-01-10 03:26:46 +0530
Started GET "/assets/bootstrap/carousel.self-2b616da53c44931503d04b63172811aacef63745d7ebe03c539df27225ed8dba.js?body=1" for ::1 at 2019-01-10 03:26:46 +0530
Started GET "/assets/bootstrap/collapse.self-d902bceafc627389b27e56a9cf6ff679d4d3a9707253f64e51336877d78c750a.js?body=1" for ::1 at 2019-01-10 03:26:46 +0530
Started GET "/assets/bootstrap/dropdown.self-76dbf9cdb7fbd6fec67b129abdddd64090b56cc475ba9638894b981c39846263.js?body=1" for ::1 at 2019-01-10 03:26:46 +0530
Started GET "/assets/bootstrap/modal.self-02f36579b29d2496dda920a82c63b32bac24ce29ba351d0ab7970caf0178aa04.js?body=1" for ::1 at 2019-01-10 03:26:46 +0530
Started GET "/assets/bootstrap/scrollspy.self-92c15826f84c5f9b079f1bebc777d0978f5aa4ffc8676b546b359799b0bc1dfe.js?body=1" for ::1 at 2019-01-10 03:26:46 +0530
Started GET "/assets/bootstrap/tab.self-943d113f140dfdb92c8713cdc40fce01488bd1bd443ed20fe5cc43c79c1f55ad.js?body=1" for ::1 at 2019-01-10 03:26:46 +0530
Started GET "/assets/bootstrap/transition.self-be7eae6669510927e31586d851a01eee18c527108dd924eaed1d3b6492ed0040.js?body=1" for ::1 at 2019-01-10 03:26:47 +0530
Started GET "/assets/bootstrap/tooltip.self-2609cdb00a0204a33b355f29cd988395a3fd8cfd2c78f70353e62e891a0d18c3.js?body=1" for ::1 at 2019-01-10 03:26:47 +0530
Started GET "/assets/bootstrap/popover.self-ae735977ad00be0cc78ade00a8b5556aa6c072493c4bd07765b93a102582ae29.js?body=1" for ::1 at 2019-01-10 03:26:47 +0530
Started GET "/assets/bootstrap-sprockets.self-fbfa5ad7d9aa0afe439ec4ff3883acc4cb92b62cb67c40d674320c9aa1d4642d.js?body=1" for ::1 at 2019-01-10 03:26:47 +0530
Started GET "/assets/items.self-877aef30ae1b040ab8a3aba4e3e309a11d7f2612f44dde450b5c157aa5f95c05.js?body=1" for ::1 at 2019-01-10 03:26:47 +0530
Started GET "/assets/application.self-f8806224e027f3e3f0138ea9ce99319e298dfdb323304d1f1be6eae8e8c74724.js?body=1" for ::1 at 2019-01-10 03:26:47 +0530
Started GET "/users/sign_up" for ::1 at 2019-01-10 03:26:55 +0530
Processing by Devise::RegistrationsController#new as HTML
  Rendering devise/registrations/new.html.erb within layouts/application
  Rendered devise/shared/_links.html.erb (1.3ms)
  Rendered devise/registrations/new.html.erb within layouts/application (100.1ms)
Completed 200 OK in 206ms (Views: 172.1ms | ActiveRecord: 1.3ms)


Started POST "/users" for ::1 at 2019-01-10 03:27:15 +0530
Processing by Devise::RegistrationsController#create as HTML
  Parameters: {"utf8"=>"✓", "authenticity_token"=>"bJt3aF321mvZ0w5fXbUrxhbb1aTLPk9ZnWTwyu1i0dkGAhIovZwJmxHVMM6Fg2XGEq3BJ5guOycWbdIL/DcUtw==", "user"=>{"email"=>"hello@gmail.com", "password"=>"[FILTERED]", "password_confirmation"=>"[FILTERED]"}, "commit"=>"Sign up"}
  [1m[35m (0.1ms)[0m  [1m[36mbegin transaction[0m
  [1m[36mUser Exists (0.2ms)[0m  [1m[34mSELECT  1 AS one FROM "users" WHERE "users"."email" = ? LIMIT ?[0m  [["email", "hello@gmail.com"], ["LIMIT", 1]]
  [1m[35m (0.1ms)[0m  [1m[31mrollback transaction[0m
  Rendering devise/registrations/new.html.erb within layouts/application
  Rendered devise/shared/_links.html.erb (1.1ms)
  Rendered devise/registrations/new.html.erb within layouts/application (12.9ms)
Completed 200 OK in 176ms (Views: 77.1ms | ActiveRecord: 0.4ms)


Started POST "/users" for ::1 at 2019-01-10 03:27:24 +0530
Processing by Devise::RegistrationsController#create as HTML
  Parameters: {"utf8"=>"✓", "authenticity_token"=>"rW3IaRK5d+AI31IB8/B9oYTD9ZKW36AP1vCdAweu2Mtr06k+9ojGuKU2urhMJzverHqeAvQZnXODtLeZVY/E0w==", "user"=>{"email"=>"hello@gmail.com", "password"=>"[FILTERED]", "password_confirmation"=>"[FILTERED]"}, "commit"=>"Sign up"}
  [1m[35m (0.1ms)[0m  [1m[36mbegin transaction[0m
  [1m[36mUser Exists (0.1ms)[0m  [1m[34mSELECT  1 AS one FROM "users" WHERE "users"."email" = ? LIMIT ?[0m  [["email", "hello@gmail.com"], ["LIMIT", 1]]
  [1m[36mUser Create (0.5ms)[0m  [1m[32mINSERT INTO "users" ("email", "encrypted_password", "created_at", "updated_at") VALUES (?, ?, ?, ?)[0m  [["email", "hello@gmail.com"], ["encrypted_password", "$2a$10$pNpLNTuNcfDPtbMJ2Ud59etmSqiTalodZnag7gILyN8XSjLzZ5L/S"], ["created_at", "2019-01-09 21:57:24.578899"], ["updated_at", "2019-01-09 21:57:24.578899"]]
  [1m[35m (2.6ms)[0m  [1m[36mcommit transaction[0m
  [1m[35m (0.1ms)[0m  [1m[36mbegin transaction[0m
  [1m[36mUser Update (0.5ms)[0m  [1m[33mUPDATE "users" SET "sign_in_count" = ?, "current_sign_in_at" = ?, "last_sign_in_at" = ?, "current_sign_in_ip" = ?, "last_sign_in_ip" = ?, "updated_at" = ? WHERE "users"."id" = ?[0m  [["sign_in_count", 1], ["current_sign_in_at", "2019-01-09 21:57:24.583853"], ["last_sign_in_at", "2019-01-09 21:57:24.583853"], ["current_sign_in_ip", "::1"], ["last_sign_in_ip", "::1"], ["updated_at", "2019-01-09 21:57:24.584435"], ["id", 1]]
  [1m[35m (2.0ms)[0m  [1m[36mcommit transaction[0m
Redirected to http://localhost:3000/
Completed 302 Found in 80ms (ActiveRecord: 5.8ms)


Started GET "/" for ::1 at 2019-01-10 03:27:24 +0530
Processing by ItemsController#index as HTML
  [1m[36mUser Load (0.2ms)[0m  [1m[34mSELECT  "users".* FROM "users" WHERE "users"."id" = ? ORDER BY "users"."id" ASC LIMIT ?[0m  [["id", 1], ["LIMIT", 1]]
  Rendering items/index.html.erb within layouts/application
  [1m[36mItem Load (0.2ms)[0m  [1m[34mSELECT "items".* FROM "items" WHERE "items"."user_id" = ? ORDER BY created_at DESC[0m  [["user_id", 1]]
  Rendered items/index.html.erb within layouts/application (1.5ms)
Completed 200 OK in 74ms (Views: 56.8ms | ActiveRecord: 0.7ms)


Started GET "/" for ::1 at 2019-01-10 03:27:29 +0530
Processing by ItemsController#index as HTML
  [1m[36mUser Load (0.3ms)[0m  [1m[34mSELECT  "users".* FROM "users" WHERE "users"."id" = ? ORDER BY "users"."id" ASC LIMIT ?[0m  [["id", 1], ["LIMIT", 1]]
  Rendering items/index.html.erb within layouts/application
  [1m[36mItem Load (0.2ms)[0m  [1m[34mSELECT "items".* FROM "items" WHERE "items"."user_id" = ? ORDER BY created_at DESC[0m  [["user_id", 1]]
  Rendered items/index.html.erb within layouts/application (1.9ms)
Completed 200 OK in 70ms (Views: 63.7ms | ActiveRecord: 0.5ms)


Started GET "/items/new" for ::1 at 2019-01-10 03:27:31 +0530
Processing by ItemsController#new as HTML
  [1m[36mUser Load (0.3ms)[0m  [1m[34mSELECT  "users".* FROM "users" WHERE "users"."id" = ? ORDER BY "users"."id" ASC LIMIT ?[0m  [["id", 1], ["LIMIT", 1]]
  Rendering items/new.html.erb within layouts/application
  Rendered items/_form.html.erb (7.7ms)
  Rendered items/new.html.erb within layouts/application (10.7ms)
Completed 200 OK in 95ms (Views: 50.6ms | ActiveRecord: 0.7ms)


Started POST "/items" for ::1 at 2019-01-10 03:27:39 +0530
Processing by ItemsController#create as HTML
  Parameters: {"utf8"=>"✓", "authenticity_token"=>"XpOFqLcRVLYCW84Ijp3gvp7B7QP/jJH9n1qlGw1ARAQbYiy2oUSo4ccIeJWAmEsLup7w6fxUwfeoPfRq1KTd2g==", "item"=>{"title"=>"hello", "description"=>"I m fine\r\n"}, "commit"=>"Create Item"}
  [1m[36mUser Load (0.2ms)[0m  [1m[34mSELECT  "users".* FROM "users" WHERE "users"."id" = ? ORDER BY "users"."id" ASC LIMIT ?[0m  [["id", 1], ["LIMIT", 1]]
  [1m[35m (0.1ms)[0m  [1m[36mbegin transaction[0m
  [1m[36mItem Create (0.5ms)[0m  [1m[32mINSERT INTO "items" ("title", "created_at", "updated_at", "description", "user_id") VALUES (?, ?, ?, ?, ?)[0m  [["title", "hello"], ["created_at", "2019-01-09 21:57:39.419159"], ["updated_at", "2019-01-09 21:57:39.419159"], ["description", "I m fine\r\n"], ["user_id", 1]]
  [1m[35m (2.6ms)[0m  [1m[36mcommit transaction[0m
Redirected to http://localhost:3000/
Completed 302 Found in 9ms (ActiveRecord: 3.4ms)


Started GET "/" for ::1 at 2019-01-10 03:27:39 +0530
Processing by ItemsController#index as HTML
  [1m[36mUser Load (0.2ms)[0m  [1m[34mSELECT  "users".* FROM "users" WHERE "users"."id" = ? ORDER BY "users"."id" ASC LIMIT ?[0m  [["id", 1], ["LIMIT", 1]]
  Rendering items/index.html.erb within layouts/application
  [1m[36mItem Load (0.7ms)[0m  [1m[34mSELECT "items".* FROM "items" WHERE "items"."user_id" = ? ORDER BY created_at DESC[0m  [["user_id", 1]]
  Rendered items/index.html.erb within layouts/application (3.0ms)
Completed 200 OK in 66ms (Views: 61.7ms | ActiveRecord: 0.9ms)


Started PATCH "/items/1/complete" for ::1 at 2019-01-10 03:27:45 +0530
Processing by ItemsController#complete as HTML
  Parameters: {"authenticity_token"=>"nLLAKXdjDPMfdUnGArB4W7q4UiyIpKNXQeTykv3wASlaDKF+k1K9q7KcoX+9Zz4kkgE5vOpinisUoNgIr9EdMQ==", "id"=>"1"}
  [1m[36mUser Load (0.2ms)[0m  [1m[34mSELECT  "users".* FROM "users" WHERE "users"."id" = ? ORDER BY "users"."id" ASC LIMIT ?[0m  [["id", 1], ["LIMIT", 1]]
  [1m[36mItem Load (0.1ms)[0m  [1m[34mSELECT  "items".* FROM "items" WHERE "items"."id" = ? LIMIT ?[0m  [["id", 1], ["LIMIT", 1]]
  [1m[35m (0.1ms)[0m  [1m[36mbegin transaction[0m
  [1m[36mItem Update (0.4ms)[0m  [1m[33mUPDATE "items" SET "completed_at" = ?, "updated_at" = ? WHERE "items"."id" = ?[0m  [["completed_at", "2019-01-09 21:57:45.774035"], ["updated_at", "2019-01-09 21:57:45.774438"], ["id", 1]]
  [1m[35m (1.3ms)[0m  [1m[36mcommit transaction[0m
Redirected to http://localhost:3000/
Completed 302 Found in 6ms (ActiveRecord: 2.1ms)


Started GET "/" for ::1 at 2019-01-10 03:27:45 +0530
Processing by ItemsController#index as HTML
  [1m[36mUser Load (0.6ms)[0m  [1m[34mSELECT  "users".* FROM "users" WHERE "users"."id" = ? ORDER BY "users"."id" ASC LIMIT ?[0m  [["id", 1], ["LIMIT", 1]]
  Rendering items/index.html.erb within layouts/application
  [1m[36mItem Load (0.3ms)[0m  [1m[34mSELECT "items".* FROM "items" WHERE "items"."user_id" = ? ORDER BY created_at DESC[0m  [["user_id", 1]]
  Rendered items/index.html.erb within layouts/application (4.3ms)
Completed 200 OK in 69ms (Views: 59.2ms | ActiveRecord: 0.9ms)


Started DELETE "/items/1" for ::1 at 2019-01-10 03:27:49 +0530
Processing by ItemsController#destroy as HTML
  Parameters: {"authenticity_token"=>"+Jwe5AABX2O0ZeGmG16Y3lTIsfxBlRVjsSDZyHcFE8E+In+z5DDuOxmMCR+kid6hfHHabCNTKB/kZPNSJSQP2Q==", "id"=>"1"}
  [1m[36mItem Load (0.4ms)[0m  [1m[34mSELECT  "items".* FROM "items" WHERE "items"."id" = ? LIMIT ?[0m  [["id", 1], ["LIMIT", 1]]
  [1m[36mUser Load (0.2ms)[0m  [1m[34mSELECT  "users".* FROM "users" WHERE "users"."id" = ? ORDER BY "users"."id" ASC LIMIT ?[0m  [["id", 1], ["LIMIT", 1]]
  [1m[35m (0.0ms)[0m  [1m[36mbegin transaction[0m
  [1m[36mItem Destroy (0.3ms)[0m  [1m[31mDELETE FROM "items" WHERE "items"."id" = ?[0m  [["id", 1]]
  [1m[35m (1.2ms)[0m  [1m[36mcommit transaction[0m
Redirected to http://localhost:3000/
Completed 302 Found in 6ms (ActiveRecord: 2.1ms)


Started GET "/" for ::1 at 2019-01-10 03:27:49 +0530
Processing by ItemsController#index as HTML
  [1m[36mUser Load (0.3ms)[0m  [1m[34mSELECT  "users".* FROM "users" WHERE "users"."id" = ? ORDER BY "users"."id" ASC LIMIT ?[0m  [["id", 1], ["LIMIT", 1]]
  Rendering items/index.html.erb within layouts/application
  [1m[36mItem Load (0.2ms)[0m  [1m[34mSELECT "items".* FROM "items" WHERE "items"."user_id" = ? ORDER BY created_at DESC[0m  [["user_id", 1]]
  Rendered items/index.html.erb within layouts/application (1.7ms)
Completed 200 OK in 54ms (Views: 48.0ms | ActiveRecord: 0.5ms)


Started DELETE "/users/sign_out" for ::1 at 2019-01-10 03:27:51 +0530
Processing by Devise::SessionsController#destroy as HTML
  Parameters: {"authenticity_token"=>"D31ovd/CxFWZ/ygqnWEMMsHGZ7Qbn+5MAgbBkRfy//bJwwnqO/N1DTQWwJMitkpN6X8MJHlZ0zBXQusLRdPj7g=="}
  [1m[36mUser Load (0.3ms)[0m  [1m[34mSELECT  "users".* FROM "users" WHERE "users"."id" = ? ORDER BY "users"."id" ASC LIMIT ?[0m  [["id", 1], ["LIMIT", 1]]
  [1m[35m (0.1ms)[0m  [1m[36mbegin transaction[0m
  [1m[35m (0.1ms)[0m  [1m[36mcommit transaction[0m
Redirected to http://localhost:3000/
Completed 302 Found in 9ms (ActiveRecord: 0.5ms)


Started GET "/" for ::1 at 2019-01-10 03:27:51 +0530
Processing by ItemsController#index as HTML
  Rendering items/index.html.erb within layouts/application
  Rendered items/_static_landing_page.html.erb (0.6ms)
  Rendered items/index.html.erb within layouts/application (3.4ms)
Completed 200 OK in 50ms (Views: 47.2ms | ActiveRecord: 0.0ms)


  [1m[35m (0.4ms)[0m  [1m[34mSELECT "schema_migrations"."version" FROM "schema_migrations" ORDER BY "schema_migrations"."version" ASC[0m
  [1m[36mActiveRecord::InternalMetadata Load (0.4ms)[0m  [1m[34mSELECT  "ar_internal_metadata".* FROM "ar_internal_metadata" WHERE "ar_internal_metadata"."key" = ? LIMIT ?[0m  [["key", "environment"], ["LIMIT", 1]]
  [1m[35m (0.0ms)[0m  [1m[36mbegin transaction[0m
  [1m[35m (0.0ms)[0m  [1m[36mcommit transaction[0m
  [1m[35m (0.1ms)[0m  [1m[34mSELECT "schema_migrations"."version" FROM "schema_migrations" ORDER BY "schema_migrations"."version" ASC[0m
  [1m[35m (0.6ms)[0m  [1m[34mSELECT "schema_migrations"."version" FROM "schema_migrations" ORDER BY "schema_migrations"."version" ASC[0m
  [1m[36mActiveRecord::InternalMetadata Load (0.6ms)[0m  [1m[34mSELECT  "ar_internal_metadata".* FROM "ar_internal_metadata" WHERE "ar_internal_metadata"."key" = ? LIMIT ?[0m  [["key", "environment"], ["LIMIT", 1]]
  [1m[35m (0.1ms)[0m  [1m[36mbegin transaction[0m
  [1m[35m (0.0ms)[0m  [1m[36mcommit transaction[0m
  [1m[35m (0.1ms)[0m  [1m[34mSELECT "schema_migrations"."version" FROM "schema_migrations" ORDER BY "schema_migrations"."version" ASC[0m
Started GET "/" for ::1 at 2019-04-22 03:42:17 +0530
  [1m[35m (0.5ms)[0m  [1m[34mSELECT "schema_migrations"."version" FROM "schema_migrations" ORDER BY "schema_migrations"."version" ASC[0m
Processing by ItemsController#index as HTML
  Rendering items/index.html.erb within layouts/application
  Rendered items/_static_landing_page.html.erb (0.7ms)
  Rendered items/index.html.erb within layouts/application (3.8ms)
Completed 200 OK in 3161ms (Views: 3150.5ms | ActiveRecord: 0.0ms)


Started GET "/assets/application.self-91e9c1568c095f326db6d308da39d239144fc050aaae3a165bd98096d03913d1.css?body=1" for ::1 at 2019-04-22 03:42:21 +0530
Started GET "/assets/jquery.self-bd7ddd393353a8d2480a622e80342adf488fb6006d667e8b42e4c0073393abee.js?body=1" for ::1 at 2019-04-22 03:42:21 +0530
Started GET "/assets/jquery_ujs.self-784a997f6726036b1993eb2217c9cb558e1cbb801c6da88105588c56f13b466a.js?body=1" for ::1 at 2019-04-22 03:42:21 +0530
Started GET "/assets/bootstrap/affix.self-b2bd74404ab3c627c5129dcdd3bdc2fc0a9d4bff4e1b6f1bae96412f9a1e9723.js?body=1" for ::1 at 2019-04-22 03:42:21 +0530
Started GET "/assets/bootstrap/alert.self-7c7aa23778284da0e4aa395a0a6d858c7efd891c9312fe71908b28292654ac0c.js?body=1" for ::1 at 2019-04-22 03:42:21 +0530
Started GET "/assets/bootstrap/button.self-b7a8ce9f47662b97ab74ef3dd416e93d3a4f644b252307a28231976a0149feef.js?body=1" for ::1 at 2019-04-22 03:42:21 +0530
Started GET "/assets/bootstrap/carousel.self-c2c0ad2347d3fdd8447abd9d5792efed40ad5afadc5e0de3001e34904a6f68ce.js?body=1" for ::1 at 2019-04-22 03:42:21 +0530
Started GET "/assets/bootstrap/collapse.self-4db094cc14a1aafa93e51e6f298115323037bb9e24c060dd0de52f27446f6227.js?body=1" for ::1 at 2019-04-22 03:42:21 +0530
Started GET "/assets/items.self-e3b0c44298fc1c149afbf4c8996fb92427ae41e4649b934ca495991b7852b855.css?body=1" for ::1 at 2019-04-22 03:42:21 +0530
Started GET "/assets/bootstrap/dropdown.self-7efa4aa654357ae664a98ec52151c25cd4927eacd1fabe038d068d9344b62cbd.js?body=1" for ::1 at 2019-04-22 03:42:21 +0530
Started GET "/assets/bootstrap/modal.self-4ca048907279f4bb9187ba2541ae5d03296917d5c42e8fef0b58ec31c8902f0f.js?body=1" for ::1 at 2019-04-22 03:42:21 +0530
Started GET "/assets/bootstrap/scrollspy.self-e62629e47ba5fe8b7faaa745f2fef2ccdb1bfd56ffb4f95615684ef40c74bcc4.js?body=1" for ::1 at 2019-04-22 03:42:21 +0530
Started GET "/assets/bootstrap/tab.self-7fbfa844201ceeb4b896e4d185a33df19a284fe461281b7c0f78dbea2ef6da5a.js?body=1" for ::1 at 2019-04-22 03:42:21 +0530
Started GET "/assets/bootstrap/transition.self-3c74f1999fcbf39cfb240b67c9a9e900863859f82f53fb27e5a388fe5e1a1c5c.js?body=1" for ::1 at 2019-04-22 03:42:21 +0530
Started GET "/assets/bootstrap/tooltip.self-82858d5843f55bfed321ea59fc5b180f3d2a8afc498ebc4d665561110b807875.js?body=1" for ::1 at 2019-04-22 03:42:21 +0530
Started GET "/assets/bootstrap/popover.self-a1e6d4555fb912f0405099135eaddbe8273ba8f08323477a471d34419d57b446.js?body=1" for ::1 at 2019-04-22 03:42:21 +0530
Started GET "/assets/bootstrap-sprockets.self-fbfa5ad7d9aa0afe439ec4ff3883acc4cb92b62cb67c40d674320c9aa1d4642d.js?body=1" for ::1 at 2019-04-22 03:42:21 +0530
Started GET "/assets/turbolinks.self-569ee74eaa15c1e2019317ff770b8769b1ec033a0f572a485f64c82ddc8f989e.js?body=1" for ::1 at 2019-04-22 03:42:21 +0530
Started GET "/assets/items.self-877aef30ae1b040ab8a3aba4e3e309a11d7f2612f44dde450b5c157aa5f95c05.js?body=1" for ::1 at 2019-04-22 03:42:21 +0530
Started GET "/assets/application.self-f8806224e027f3e3f0138ea9ce99319e298dfdb323304d1f1be6eae8e8c74724.js?body=1" for ::1 at 2019-04-22 03:42:21 +0530
Started GET "/users/sign_in" for ::1 at 2019-04-22 03:42:27 +0530
Processing by Devise::SessionsController#new as HTML
  Rendering devise/sessions/new.html.erb within layouts/application
  Rendered devise/shared/_links.html.erb (1.1ms)
  Rendered devise/sessions/new.html.erb within layouts/application (96.8ms)
Completed 200 OK in 151ms (Views: 129.9ms | ActiveRecord: 0.8ms)


Started GET "/users/sign_up" for ::1 at 2019-04-22 03:42:28 +0530
Processing by Devise::RegistrationsController#new as HTML
  Rendering devise/registrations/new.html.erb within layouts/application
  Rendered devise/shared/_links.html.erb (1.7ms)
  Rendered devise/registrations/new.html.erb within layouts/application (15.7ms)
Completed 200 OK in 73ms (Views: 71.9ms | ActiveRecord: 0.0ms)


Started POST "/users" for ::1 at 2019-04-22 03:42:46 +0530
Processing by Devise::RegistrationsController#create as HTML
  Parameters: {"utf8"=>"✓", "authenticity_token"=>"L9/I1wjso+bXN2Wi2gqvkXNpOY2AJDP8hw8EyUTNKmVPehpq987iAjDa06coEgjV5FvPTnZZlJUaBgXsFZ7y7A==", "user"=>{"email"=>"harmanjolly97@gmail.com", "password"=>"[FILTERED]", "password_confirmation"=>"[FILTERED]"}, "commit"=>"Sign up"}
  [1m[35m (0.1ms)[0m  [1m[36mbegin transaction[0m
  [1m[36mUser Exists (1.2ms)[0m  [1m[34mSELECT  1 AS one FROM "users" WHERE "users"."email" = ? LIMIT ?[0m  [["email", "harmanjolly97@gmail.com"], ["LIMIT", 1]]
  [1m[35m (0.2ms)[0m  [1m[31mrollback transaction[0m
  Rendering devise/registrations/new.html.erb within layouts/application
  Rendered devise/shared/_links.html.erb (0.8ms)
  Rendered devise/registrations/new.html.erb within layouts/application (9.7ms)
Completed 200 OK in 151ms (Views: 53.9ms | ActiveRecord: 1.5ms)


Started POST "/users" for ::1 at 2019-04-22 03:42:57 +0530
Processing by Devise::RegistrationsController#create as HTML
  Parameters: {"utf8"=>"✓", "authenticity_token"=>"0Co65IV8O1R4FeQKr/IqHcEoD1OCV21AJPjeSj0oBdwlPJ8RclUHwMUryLHXwlRBLvcxNdyS7+8xHctWjxPavA==", "user"=>{"email"=>"harmanjolly97@gmail.com", "password"=>"[FILTERED]", "password_confirmation"=>"[FILTERED]"}, "commit"=>"Sign up"}
  [1m[35m (0.1ms)[0m  [1m[36mbegin transaction[0m
  [1m[36mUser Exists (0.1ms)[0m  [1m[34mSELECT  1 AS one FROM "users" WHERE "users"."email" = ? LIMIT ?[0m  [["email", "harmanjolly97@gmail.com"], ["LIMIT", 1]]
  [1m[36mUser Create (2.8ms)[0m  [1m[32mINSERT INTO "users" ("email", "encrypted_password", "created_at", "updated_at") VALUES (?, ?, ?, ?)[0m  [["email", "harmanjolly97@gmail.com"], ["encrypted_password", "$2a$10$Uzd73lm/fxv/WLPT3mPRfu958K96m5gHBVYhoUu8fQWXashyCMqW2"], ["created_at", "2019-04-21 22:12:57.271295"], ["updated_at", "2019-04-21 22:12:57.271295"]]
  [1m[35m (1.3ms)[0m  [1m[36mcommit transaction[0m
  [1m[35m (0.1ms)[0m  [1m[36mbegin transaction[0m
  [1m[36mUser Update (0.7ms)[0m  [1m[33mUPDATE "users" SET "sign_in_count" = ?, "current_sign_in_at" = ?, "last_sign_in_at" = ?, "current_sign_in_ip" = ?, "last_sign_in_ip" = ?, "updated_at" = ? WHERE "users"."id" = ?[0m  [["sign_in_count", 1], ["current_sign_in_at", "2019-04-21 22:12:57.279343"], ["last_sign_in_at", "2019-04-21 22:12:57.279343"], ["current_sign_in_ip", "::1"], ["last_sign_in_ip", "::1"], ["updated_at", "2019-04-21 22:12:57.280064"], ["id", 2]]
  [1m[35m (1.8ms)[0m  [1m[36mcommit transaction[0m
Redirected to http://localhost:4000/
Completed 302 Found in 120ms (ActiveRecord: 6.8ms)


Started GET "/" for ::1 at 2019-04-22 03:42:57 +0530
Processing by ItemsController#index as HTML
  [1m[36mUser Load (0.2ms)[0m  [1m[34mSELECT  "users".* FROM "users" WHERE "users"."id" = ? ORDER BY "users"."id" ASC LIMIT ?[0m  [["id", 2], ["LIMIT", 1]]
  Rendering items/index.html.erb within layouts/application
  [1m[36mItem Load (1.0ms)[0m  [1m[34mSELECT "items".* FROM "items" WHERE "items"."user_id" = ? ORDER BY created_at DESC[0m  [["user_id", 2]]
  Rendered items/index.html.erb within layouts/application (2.1ms)
Completed 200 OK in 43ms (Views: 33.0ms | ActiveRecord: 1.4ms)


Started GET "/items/new" for ::1 at 2019-04-22 03:43:01 +0530
Processing by ItemsController#new as HTML
  [1m[36mUser Load (0.4ms)[0m  [1m[34mSELECT  "users".* FROM "users" WHERE "users"."id" = ? ORDER BY "users"."id" ASC LIMIT ?[0m  [["id", 2], ["LIMIT", 1]]
  Rendering items/new.html.erb within layouts/application
  Rendered items/_form.html.erb (10.3ms)
  Rendered items/new.html.erb within layouts/application (12.5ms)
Completed 200 OK in 106ms (Views: 57.1ms | ActiveRecord: 1.2ms)


Started POST "/items" for ::1 at 2019-04-22 03:43:14 +0530
Processing by ItemsController#create as HTML
  Parameters: {"utf8"=>"✓", "authenticity_token"=>"53XNmTWNkPZ07W+eVpZZs/Rj16craw12htZpmkV0xwa8HBYQoMdtgXZW32g8O3knPNmmBOCRAkieYFJBiOdyGA==", "item"=>{"title"=>"Helllo", "description"=>"You are awesome"}, "commit"=>"Create Item"}
  [1m[36mUser Load (0.2ms)[0m  [1m[34mSELECT  "users".* FROM "users" WHERE "users"."id" = ? ORDER BY "users"."id" ASC LIMIT ?[0m  [["id", 2], ["LIMIT", 1]]
  [1m[35m (0.1ms)[0m  [1m[36mbegin transaction[0m
  [1m[36mItem Create (0.5ms)[0m  [1m[32mINSERT INTO "items" ("title", "created_at", "updated_at", "description", "user_id") VALUES (?, ?, ?, ?, ?)[0m  [["title", "Helllo"], ["created_at", "2019-04-21 22:13:14.061446"], ["updated_at", "2019-04-21 22:13:14.061446"], ["description", "You are awesome"], ["user_id", 2]]
  [1m[35m (2.0ms)[0m  [1m[36mcommit transaction[0m
Redirected to http://localhost:4000/
Completed 302 Found in 9ms (ActiveRecord: 2.8ms)


Started GET "/" for ::1 at 2019-04-22 03:43:14 +0530
Processing by ItemsController#index as HTML
  [1m[36mUser Load (0.2ms)[0m  [1m[34mSELECT  "users".* FROM "users" WHERE "users"."id" = ? ORDER BY "users"."id" ASC LIMIT ?[0m  [["id", 2], ["LIMIT", 1]]
  Rendering items/index.html.erb within layouts/application
  [1m[36mItem Load (1.6ms)[0m  [1m[34mSELECT "items".* FROM "items" WHERE "items"."user_id" = ? ORDER BY created_at DESC[0m  [["user_id", 2]]
  Rendered items/index.html.erb within layouts/application (4.4ms)
Completed 200 OK in 60ms (Views: 56.1ms | ActiveRecord: 1.8ms)


Started PATCH "/items/2/complete" for ::1 at 2019-04-22 03:43:35 +0530
Processing by ItemsController#complete as HTML
  Parameters: {"authenticity_token"=>"sBfDny1cJ85pOU0vslGgTOJWW+uvb3EYQxIZGupYk5pFAWZq2nUbWtQHYZTKYd4QDYlljfGq87dW9wwGWGNM+g==", "id"=>"2"}
  [1m[36mUser Load (0.5ms)[0m  [1m[34mSELECT  "users".* FROM "users" WHERE "users"."id" = ? ORDER BY "users"."id" ASC LIMIT ?[0m  [["id", 2], ["LIMIT", 1]]
  [1m[36mItem Load (0.2ms)[0m  [1m[34mSELECT  "items".* FROM "items" WHERE "items"."id" = ? LIMIT ?[0m  [["id", 2], ["LIMIT", 1]]
  [1m[35m (0.0ms)[0m  [1m[36mbegin transaction[0m
  [1m[36mItem Update (0.5ms)[0m  [1m[33mUPDATE "items" SET "completed_at" = ?, "updated_at" = ? WHERE "items"."id" = ?[0m  [["completed_at", "2019-04-21 22:13:35.078932"], ["updated_at", "2019-04-21 22:13:35.079330"], ["id", 2]]
  [1m[35m (2.1ms)[0m  [1m[36mcommit transaction[0m
Redirected to http://localhost:4000/
Completed 302 Found in 8ms (ActiveRecord: 3.4ms)


Started GET "/" for ::1 at 2019-04-22 03:43:35 +0530
Processing by ItemsController#index as HTML
  [1m[36mUser Load (0.2ms)[0m  [1m[34mSELECT  "users".* FROM "users" WHERE "users"."id" = ? ORDER BY "users"."id" ASC LIMIT ?[0m  [["id", 2], ["LIMIT", 1]]
  Rendering items/index.html.erb within layouts/application
  [1m[36mItem Load (0.7ms)[0m  [1m[34mSELECT "items".* FROM "items" WHERE "items"."user_id" = ? ORDER BY created_at DESC[0m  [["user_id", 2]]
  Rendered items/index.html.erb within layouts/application (4.1ms)
Completed 200 OK in 79ms (Views: 73.7ms | ActiveRecord: 0.9ms)


Started GET "/" for ::1 at 2019-04-22 03:43:38 +0530
Processing by ItemsController#index as HTML
  [1m[36mUser Load (0.1ms)[0m  [1m[34mSELECT  "users".* FROM "users" WHERE "users"."id" = ? ORDER BY "users"."id" ASC LIMIT ?[0m  [["id", 2], ["LIMIT", 1]]
  Rendering items/index.html.erb within layouts/application
  [1m[36mItem Load (0.2ms)[0m  [1m[34mSELECT "items".* FROM "items" WHERE "items"."user_id" = ? ORDER BY created_at DESC[0m  [["user_id", 2]]
  Rendered items/index.html.erb within layouts/application (2.8ms)
Completed 200 OK in 43ms (Views: 41.1ms | ActiveRecord: 0.3ms)


Started GET "/items/new" for ::1 at 2019-04-22 03:43:40 +0530
Processing by ItemsController#new as HTML
  [1m[36mUser Load (0.3ms)[0m  [1m[34mSELECT  "users".* FROM "users" WHERE "users"."id" = ? ORDER BY "users"."id" ASC LIMIT ?[0m  [["id", 2], ["LIMIT", 1]]
  Rendering items/new.html.erb within layouts/application
  Rendered items/_form.html.erb (10.3ms)
  Rendered items/new.html.erb within layouts/application (13.0ms)
Completed 200 OK in 73ms (Views: 68.8ms | ActiveRecord: 0.3ms)


Started POST "/items" for ::1 at 2019-04-22 03:43:47 +0530
Processing by ItemsController#create as HTML
  Parameters: {"utf8"=>"✓", "authenticity_token"=>"TCU7AgEiBvxe9NGpNjgE8OI9A8/ccQn7VcvJOM/TaScXTOCLlGj7i1xPYV9clSRkKodybBeLBsVNffLjAkDcOQ==", "item"=>{"title"=>"Hello", "description"=>" get lost\r\n"}, "commit"=>"Create Item"}
  [1m[36mUser Load (0.1ms)[0m  [1m[34mSELECT  "users".* FROM "users" WHERE "users"."id" = ? ORDER BY "users"."id" ASC LIMIT ?[0m  [["id", 2], ["LIMIT", 1]]
  [1m[35m (0.1ms)[0m  [1m[36mbegin transaction[0m
  [1m[36mItem Create (0.6ms)[0m  [1m[32mINSERT INTO "items" ("title", "created_at", "updated_at", "description", "user_id") VALUES (?, ?, ?, ?, ?)[0m  [["title", "Hello"], ["created_at", "2019-04-21 22:13:47.297897"], ["updated_at", "2019-04-21 22:13:47.297897"], ["description", " get lost\r\n"], ["user_id", 2]]
  [1m[35m (1.0ms)[0m  [1m[36mcommit transaction[0m
Redirected to http://localhost:4000/
Completed 302 Found in 6ms (ActiveRecord: 1.8ms)


Started GET "/" for ::1 at 2019-04-22 03:43:47 +0530
Processing by ItemsController#index as HTML
  [1m[36mUser Load (0.2ms)[0m  [1m[34mSELECT  "users".* FROM "users" WHERE "users"."id" = ? ORDER BY "users"."id" ASC LIMIT ?[0m  [["id", 2], ["LIMIT", 1]]
  Rendering items/index.html.erb within layouts/application
  [1m[36mItem Load (0.3ms)[0m  [1m[34mSELECT "items".* FROM "items" WHERE "items"."user_id" = ? ORDER BY created_at DESC[0m  [["user_id", 2]]
  Rendered items/index.html.erb within layouts/application (5.1ms)
Completed 200 OK in 73ms (Views: 70.6ms | ActiveRecord: 0.5ms)


Started DELETE "/items/3" for ::1 at 2019-04-22 03:43:50 +0530
Processing by ItemsController#destroy as HTML
  Parameters: {"authenticity_token"=>"4c2ipS0tMfcVW001/kSqNcAdefyJRwLrylOad2RJ6pIU2wdQ2gQNY6hlYY6GdNRpL8JHmteCgETfto9r1nI18g==", "id"=>"3"}
  [1m[36mItem Load (0.5ms)[0m  [1m[34mSELECT  "items".* FROM "items" WHERE "items"."id" = ? LIMIT ?[0m  [["id", 3], ["LIMIT", 1]]
  [1m[36mUser Load (0.2ms)[0m  [1m[34mSELECT  "users".* FROM "users" WHERE "users"."id" = ? ORDER BY "users"."id" ASC LIMIT ?[0m  [["id", 2], ["LIMIT", 1]]
  [1m[35m (0.0ms)[0m  [1m[36mbegin transaction[0m
  [1m[36mItem Destroy (0.6ms)[0m  [1m[31mDELETE FROM "items" WHERE "items"."id" = ?[0m  [["id", 3]]
  [1m[35m (3.3ms)[0m  [1m[36mcommit transaction[0m
Redirected to http://localhost:4000/
Completed 302 Found in 9ms (ActiveRecord: 4.7ms)


Started GET "/" for ::1 at 2019-04-22 03:43:50 +0530
Processing by ItemsController#index as HTML
  [1m[36mUser Load (0.1ms)[0m  [1m[34mSELECT  "users".* FROM "users" WHERE "users"."id" = ? ORDER BY "users"."id" ASC LIMIT ?[0m  [["id", 2], ["LIMIT", 1]]
  Rendering items/index.html.erb within layouts/application
  [1m[36mItem Load (0.2ms)[0m  [1m[34mSELECT "items".* FROM "items" WHERE "items"."user_id" = ? ORDER BY created_at DESC[0m  [["user_id", 2]]
  Rendered items/index.html.erb within layouts/application (1.6ms)
Completed 200 OK in 43ms (Views: 41.1ms | ActiveRecord: 0.3ms)


Started DELETE "/items/2" for ::1 at 2019-04-22 03:43:53 +0530
Processing by ItemsController#destroy as HTML
  Parameters: {"authenticity_token"=>"Mu41YZJ/ruqLa8vxHlIeX+k3Hsi+UYPKLOJg48NGXenH+JCUZVaSfjZV50pmYmADBuggruCUAWU5B3X/cX2CiQ==", "id"=>"2"}
  [1m[36mItem Load (0.2ms)[0m  [1m[34mSELECT  "items".* FROM "items" WHERE "items"."id" = ? LIMIT ?[0m  [["id", 2], ["LIMIT", 1]]
  [1m[36mUser Load (0.1ms)[0m  [1m[34mSELECT  "users".* FROM "users" WHERE "users"."id" = ? ORDER BY "users"."id" ASC LIMIT ?[0m  [["id", 2], ["LIMIT", 1]]
  [1m[35m (0.0ms)[0m  [1m[36mbegin transaction[0m
  [1m[36mItem Destroy (0.3ms)[0m  [1m[31mDELETE FROM "items" WHERE "items"."id" = ?[0m  [["id", 2]]
  [1m[35m (2.4ms)[0m  [1m[36mcommit transaction[0m
Redirected to http://localhost:4000/
Completed 302 Found in 8ms (ActiveRecord: 3.1ms)


Started GET "/" for ::1 at 2019-04-22 03:43:53 +0530
Processing by ItemsController#index as HTML
  [1m[36mUser Load (0.3ms)[0m  [1m[34mSELECT  "users".* FROM "users" WHERE "users"."id" = ? ORDER BY "users"."id" ASC LIMIT ?[0m  [["id", 2], ["LIMIT", 1]]
  Rendering items/index.html.erb within layouts/application
  [1m[36mItem Load (0.3ms)[0m  [1m[34mSELECT "items".* FROM "items" WHERE "items"."user_id" = ? ORDER BY created_at DESC[0m  [["user_id", 2]]
  Rendered items/index.html.erb within layouts/application (3.2ms)
Completed 200 OK in 48ms (Views: 43.8ms | ActiveRecord: 0.6ms)


